This file contains any messages produced by compilers while
running configure, to aid debugging if configure makes a mistake.

It was created by Protocol Buffers configure 3.21.5, which was
generated by GNU Autoconf 2.71.  Invocation command line was

  $ ./configure --host=x86_64 --prefix=/usr/x86_64-w64-mingw32

## --------- ##
## Platform. ##
## --------- ##

hostname = VM-4-14-centos
uname -m = x86_64
uname -r = 3.10.0-1160.45.1.el7.x86_64
uname -s = Linux
uname -v = #1 SMP Wed Oct 13 17:20:51 UTC 2021

/usr/bin/uname -p = x86_64
/bin/uname -X     = unknown

/bin/arch              = x86_64
/usr/bin/arch -k       = unknown
/usr/convex/getsysinfo = unknown
/usr/bin/hostinfo      = unknown
/bin/machine           = unknown
/usr/bin/oslevel       = unknown
/bin/universe          = unknown

PATH: /home/lighthouse/.zeranoe/mingw-w64/x86_64/bin/
PATH: /opt/rh/devtoolset-8/root/usr/bin/
PATH: /root/.zeranoe/mingw-w64/x86_64/bin/
PATH: /opt/rh/devtoolset-8/root/usr/bin/
PATH: /opt/rh/devtoolset-8/root/usr/bin/
PATH: /usr/local/bin/
PATH: /usr/bin/
PATH: /usr/local/sbin/
PATH: /usr/sbin/
PATH: /usr/local/src/vim8/bin/
PATH: /home/lighthouse/.local/bin/
PATH: /home/lighthouse/bin/
PATH: /bin/


## ----------- ##
## Core tests. ##
## ----------- ##

configure:3059: looking for aux files: ltmain.sh ar-lib compile missing install-sh config.guess config.sub
configure:3072:  trying ./
configure:3101:   ./ltmain.sh found
configure:3101:   ./ar-lib found
configure:3101:   ./compile found
configure:3101:   ./missing found
configure:3083:   ./install-sh found
configure:3101:   ./config.guess found
configure:3101:   ./config.sub found
configure:3214: checking whether to enable maintainer-specific portions of Makefiles
configure:3224: result: yes
configure:3275: checking build system type
configure:3290: result: x86_64-pc-linux-gnu
configure:3310: checking host system type
configure:3324: result: x86_64-pc-none
configure:3344: checking target system type
configure:3358: result: x86_64-pc-none
configure:3402: checking for a BSD-compatible install
configure:3475: result: /usr/bin/install -c
configure:3486: checking whether build environment is sane
configure:3541: result: yes
configure:3597: checking for x86_64-strip
configure:3629: result: x86_64-w64-mingw32-strip
configure:3700: checking for a race-free mkdir -p
configure:3744: result: /usr/bin/mkdir -p
configure:3751: checking for gawk
configure:3772: found /usr/bin/gawk
configure:3783: result: gawk
configure:3794: checking whether make sets $(MAKE)
configure:3817: result: yes
configure:3847: checking whether make supports nested variables
configure:3865: result: yes
configure:3950: checking whether UID '1000' is supported by ustar format
configure:3953: result: yes
configure:3960: checking whether GID '1000' is supported by ustar format
configure:3963: result: yes
configure:3971: checking how to create a ustar tar archive
configure:3982: tar --version
tar (GNU tar) 1.26
Copyright (C) 2011 Free Software Foundation, Inc.
License GPLv3+: GNU GPL version 3 or later <http://gnu.org/licenses/gpl.html>.
This is free software: you are free to change and redistribute it.
There is NO WARRANTY, to the extent permitted by law.

Written by John Gilmore and Jay Fenlason.
configure:3985: $? = 0
configure:4025: tardir=conftest.dir && eval tar --format=ustar -chf - "$tardir" >conftest.tar
configure:4028: $? = 0
configure:4032: tar -xf - <conftest.tar
configure:4035: $? = 0
configure:4037: cat conftest.dir/file
GrepMe
configure:4040: $? = 0
configure:4054: result: gnutar
configure:4134: checking whether make supports nested variables
configure:4152: result: yes
configure:4218: checking for x86_64-gcc
configure:4250: result: x86_64-w64-mingw32-gcc
configure:4648: checking for C compiler version
configure:4657: x86_64-w64-mingw32-gcc --version >&5
x86_64-w64-mingw32-gcc (GCC) 12.2.1 20221126
Copyright (C) 2022 Free Software Foundation, Inc.
This is free software; see the source for copying conditions.  There is NO
warranty; not even for MERCHANTABILITY or FITNESS FOR A PARTICULAR PURPOSE.

configure:4668: $? = 0
configure:4657: x86_64-w64-mingw32-gcc -v >&5
Using built-in specs.
COLLECT_GCC=x86_64-w64-mingw32-gcc
COLLECT_LTO_WRAPPER=/home/lighthouse/.zeranoe/mingw-w64/x86_64/libexec/gcc/x86_64-w64-mingw32/12.2.1/lto-wrapper
Target: x86_64-w64-mingw32
Configured with: /home/lighthouse/.zeranoe/mingw-w64/src/gcc/configure --target=x86_64-w64-mingw32 --disable-shared --enable-static --disable-multilib --prefix=/home/lighthouse/.zeranoe/mingw-w64/x86_64 --enable-languages=c,c++ --disable-nls --enable-threads=posix
Thread model: posix
Supported LTO compression algorithms: zlib
gcc version 12.2.1 20221126 (GCC) 
configure:4668: $? = 0
configure:4657: x86_64-w64-mingw32-gcc -V >&5
x86_64-w64-mingw32-gcc: error: unrecognized command-line option '-V'
x86_64-w64-mingw32-gcc: fatal error: no input files
compilation terminated.
configure:4668: $? = 1
configure:4657: x86_64-w64-mingw32-gcc -qversion >&5
x86_64-w64-mingw32-gcc: error: unrecognized command-line option '-qversion'; did you mean '--version'?
x86_64-w64-mingw32-gcc: fatal error: no input files
compilation terminated.
configure:4668: $? = 1
configure:4657: x86_64-w64-mingw32-gcc -version >&5
x86_64-w64-mingw32-gcc: error: unrecognized command-line option '-version'
x86_64-w64-mingw32-gcc: fatal error: no input files
compilation terminated.
configure:4668: $? = 1
configure:4688: checking whether the C compiler works
configure:4710: x86_64-w64-mingw32-gcc    conftest.c  >&5
configure:4714: $? = 0
configure:4764: result: yes
configure:4767: checking for C compiler default output file name
configure:4769: result: a.exe
configure:4775: checking for suffix of executables
configure:4782: x86_64-w64-mingw32-gcc -o conftest.exe    conftest.c  >&5
configure:4786: $? = 0
configure:4809: result: .exe
configure:4831: checking whether we are cross compiling
configure:4839: x86_64-w64-mingw32-gcc -o conftest.exe    conftest.c  >&5
configure:4843: $? = 0
configure:4850: ./conftest.exe
./configure: line 4852: ./conftest.exe: cannot execute binary file
configure:4854: $? = 126
configure:4869: result: yes
configure:4874: checking for suffix of object files
configure:4897: x86_64-w64-mingw32-gcc -c   conftest.c >&5
configure:4901: $? = 0
configure:4923: result: o
configure:4927: checking whether the compiler supports GNU C
configure:4947: x86_64-w64-mingw32-gcc -c   conftest.c >&5
configure:4947: $? = 0
configure:4957: result: yes
configure:4968: checking whether x86_64-w64-mingw32-gcc accepts -g
configure:4989: x86_64-w64-mingw32-gcc -c -g  conftest.c >&5
configure:4989: $? = 0
configure:5033: result: yes
configure:5053: checking for x86_64-w64-mingw32-gcc option to enable C11 features
configure:5068: x86_64-w64-mingw32-gcc  -c   conftest.c >&5
configure:5068: $? = 0
configure:5086: result: none needed
configure:5202: checking whether x86_64-w64-mingw32-gcc understands -c and -o together
configure:5225: x86_64-w64-mingw32-gcc -c conftest.c -o conftest2.o
configure:5228: $? = 0
configure:5225: x86_64-w64-mingw32-gcc -c conftest.c -o conftest2.o
configure:5228: $? = 0
configure:5240: result: yes
configure:5260: checking whether make supports the include directive
configure:5275: make -f confmf.GNU && cat confinc.out
this is the am__doit target
configure:5278: $? = 0
configure:5297: result: yes (GNU style)
configure:5323: checking dependency style of x86_64-w64-mingw32-gcc
configure:5435: result: gcc3
configure:5578: checking for C++ compiler version
configure:5587: x86_64-w64-mingw32-c++ --version >&5
x86_64-w64-mingw32-c++ (GCC) 12.2.1 20221126
Copyright (C) 2022 Free Software Foundation, Inc.
This is free software; see the source for copying conditions.  There is NO
warranty; not even for MERCHANTABILITY or FITNESS FOR A PARTICULAR PURPOSE.

configure:5598: $? = 0
configure:5587: x86_64-w64-mingw32-c++ -v >&5
Using built-in specs.
COLLECT_GCC=x86_64-w64-mingw32-c++
COLLECT_LTO_WRAPPER=/home/lighthouse/.zeranoe/mingw-w64/x86_64/libexec/gcc/x86_64-w64-mingw32/12.2.1/lto-wrapper
Target: x86_64-w64-mingw32
Configured with: /home/lighthouse/.zeranoe/mingw-w64/src/gcc/configure --target=x86_64-w64-mingw32 --disable-shared --enable-static --disable-multilib --prefix=/home/lighthouse/.zeranoe/mingw-w64/x86_64 --enable-languages=c,c++ --disable-nls --enable-threads=posix
Thread model: posix
Supported LTO compression algorithms: zlib
gcc version 12.2.1 20221126 (GCC) 
configure:5598: $? = 0
configure:5587: x86_64-w64-mingw32-c++ -V >&5
x86_64-w64-mingw32-c++: error: unrecognized command-line option '-V'
x86_64-w64-mingw32-c++: fatal error: no input files
compilation terminated.
configure:5598: $? = 1
configure:5587: x86_64-w64-mingw32-c++ -qversion >&5
x86_64-w64-mingw32-c++: error: unrecognized command-line option '-qversion'; did you mean '--version'?
x86_64-w64-mingw32-c++: fatal error: no input files
compilation terminated.
configure:5598: $? = 1
configure:5602: checking whether the compiler supports GNU C++
configure:5622: x86_64-w64-mingw32-c++ -c   conftest.cpp >&5
configure:5622: $? = 0
configure:5632: result: yes
configure:5643: checking whether x86_64-w64-mingw32-c++ accepts -g
configure:5664: x86_64-w64-mingw32-c++ -c -g  conftest.cpp >&5
configure:5664: $? = 0
configure:5708: result: yes
configure:5728: checking for x86_64-w64-mingw32-c++ option to enable C++11 features
configure:5743: x86_64-w64-mingw32-c++  -c   conftest.cpp >&5
conftest.cpp: In function 'int main(int, char**)':
conftest.cpp:177:25: warning: empty parentheses were disambiguated as a function declaration [-Wvexing-parse]
  177 |   cxx11test::delegate d2();
      |                         ^~
conftest.cpp:177:25: note: remove parentheses to default-initialize a variable
  177 |   cxx11test::delegate d2();
      |                         ^~
      |                         --
conftest.cpp:177:25: note: or replace parentheses with braces to value-initialize a variable
configure:5743: $? = 0
configure:5761: result: none needed
configure:5827: checking dependency style of x86_64-w64-mingw32-c++
configure:5939: result: gcc3
configure:5959: checking how to run the C preprocessor
configure:5985: x86_64-w64-mingw32-gcc -E  conftest.c
configure:5985: $? = 0
configure:6000: x86_64-w64-mingw32-gcc -E  conftest.c
conftest.c:11:10: fatal error: ac_nonexistent.h: No such file or directory
   11 | #include <ac_nonexistent.h>
      |          ^~~~~~~~~~~~~~~~~~
compilation terminated.
configure:6000: $? = 1
configure: failed program was:
| /* confdefs.h */
| #define PACKAGE_NAME "Protocol Buffers"
| #define PACKAGE_TARNAME "protobuf"
| #define PACKAGE_VERSION "3.21.5"
| #define PACKAGE_STRING "Protocol Buffers 3.21.5"
| #define PACKAGE_BUGREPORT "protobuf@googlegroups.com"
| #define PACKAGE_URL ""
| #define PACKAGE "protobuf"
| #define VERSION "3.21.5"
| /* end confdefs.h.  */
| #include <ac_nonexistent.h>
configure:6027: result: x86_64-w64-mingw32-gcc -E
configure:6041: x86_64-w64-mingw32-gcc -E  conftest.c
configure:6041: $? = 0
configure:6056: x86_64-w64-mingw32-gcc -E  conftest.c
conftest.c:11:10: fatal error: ac_nonexistent.h: No such file or directory
   11 | #include <ac_nonexistent.h>
      |          ^~~~~~~~~~~~~~~~~~
compilation terminated.
configure:6056: $? = 1
configure: failed program was:
| /* confdefs.h */
| #define PACKAGE_NAME "Protocol Buffers"
| #define PACKAGE_TARNAME "protobuf"
| #define PACKAGE_VERSION "3.21.5"
| #define PACKAGE_STRING "Protocol Buffers 3.21.5"
| #define PACKAGE_BUGREPORT "protobuf@googlegroups.com"
| #define PACKAGE_URL ""
| #define PACKAGE "protobuf"
| #define VERSION "3.21.5"
| /* end confdefs.h.  */
| #include <ac_nonexistent.h>
configure:6147: checking for gcc
configure:6168: found /opt/rh/devtoolset-8/root/usr/bin/gcc
configure:6179: result: gcc
configure:6532: checking for C compiler version
configure:6541: gcc --version >&5
gcc (GCC) 8.3.1 20190311 (Red Hat 8.3.1-3)
Copyright (C) 2018 Free Software Foundation, Inc.
This is free software; see the source for copying conditions.  There is NO
warranty; not even for MERCHANTABILITY or FITNESS FOR A PARTICULAR PURPOSE.

configure:6552: $? = 0
configure:6541: gcc -v >&5
Using built-in specs.
COLLECT_GCC=gcc
COLLECT_LTO_WRAPPER=/opt/rh/devtoolset-8/root/usr/libexec/gcc/x86_64-redhat-linux/8/lto-wrapper
Target: x86_64-redhat-linux
Configured with: ../configure --enable-bootstrap --enable-languages=c,c++,fortran,lto --prefix=/opt/rh/devtoolset-8/root/usr --mandir=/opt/rh/devtoolset-8/root/usr/share/man --infodir=/opt/rh/devtoolset-8/root/usr/share/info --with-bugurl=http://bugzilla.redhat.com/bugzilla --enable-shared --enable-threads=posix --enable-checking=release --enable-multilib --with-system-zlib --enable-__cxa_atexit --disable-libunwind-exceptions --enable-gnu-unique-object --enable-linker-build-id --with-gcc-major-version-only --with-linker-hash-style=gnu --with-default-libstdcxx-abi=gcc4-compatible --enable-plugin --enable-initfini-array --with-isl=/builddir/build/BUILD/gcc-8.3.1-20190311/obj-x86_64-redhat-linux/isl-install --disable-libmpx --enable-gnu-indirect-function --with-tune=generic --with-arch_32=x86-64 --build=x86_64-redhat-linux
Thread model: posix
gcc version 8.3.1 20190311 (Red Hat 8.3.1-3) (GCC) 
configure:6552: $? = 0
configure:6541: gcc -V >&5
gcc: error: unrecognized command line option '-V'
gcc: fatal error: no input files
compilation terminated.
configure:6552: $? = 1
configure:6541: gcc -qversion >&5
gcc: error: unrecognized command line option '-qversion'; did you mean '--version'?
gcc: fatal error: no input files
compilation terminated.
configure:6552: $? = 1
configure:6541: gcc -version >&5
gcc: error: unrecognized command line option '-version'
gcc: fatal error: no input files
compilation terminated.
configure:6552: $? = 1
configure:6556: checking whether the compiler supports GNU C
configure:6586: result: yes
configure:6597: checking whether gcc accepts -g
configure:6618: x86_64-w64-mingw32-gcc -c   conftest.c >&5
configure:6618: $? = 0
configure:6662: result: yes
configure:6682: checking for gcc option to enable C11 features
configure:6715: result: none needed
configure:6831: checking whether gcc understands -c and -o together
configure:6869: result: yes
configure:6888: checking dependency style of gcc
configure:7000: result: gcc3
configure:7020: checking how to run the C preprocessor
configure:7046: x86_64-w64-mingw32-gcc -E  conftest.c
configure:7046: $? = 0
configure:7061: x86_64-w64-mingw32-gcc -E  conftest.c
conftest.c:11:10: fatal error: ac_nonexistent.h: No such file or directory
   11 | #include <ac_nonexistent.h>
      |          ^~~~~~~~~~~~~~~~~~
compilation terminated.
configure:7061: $? = 1
configure: failed program was:
| /* confdefs.h */
| #define PACKAGE_NAME "Protocol Buffers"
| #define PACKAGE_TARNAME "protobuf"
| #define PACKAGE_VERSION "3.21.5"
| #define PACKAGE_STRING "Protocol Buffers 3.21.5"
| #define PACKAGE_BUGREPORT "protobuf@googlegroups.com"
| #define PACKAGE_URL ""
| #define PACKAGE "protobuf"
| #define VERSION "3.21.5"
| /* end confdefs.h.  */
| #include <ac_nonexistent.h>
configure:7088: result: gcc -E
configure:7102: x86_64-w64-mingw32-gcc -E  conftest.c
configure:7102: $? = 0
configure:7117: x86_64-w64-mingw32-gcc -E  conftest.c
conftest.c:11:10: fatal error: ac_nonexistent.h: No such file or directory
   11 | #include <ac_nonexistent.h>
      |          ^~~~~~~~~~~~~~~~~~
compilation terminated.
configure:7117: $? = 1
configure: failed program was:
| /* confdefs.h */
| #define PACKAGE_NAME "Protocol Buffers"
| #define PACKAGE_TARNAME "protobuf"
| #define PACKAGE_VERSION "3.21.5"
| #define PACKAGE_STRING "Protocol Buffers 3.21.5"
| #define PACKAGE_BUGREPORT "protobuf@googlegroups.com"
| #define PACKAGE_URL ""
| #define PACKAGE "protobuf"
| #define VERSION "3.21.5"
| /* end confdefs.h.  */
| #include <ac_nonexistent.h>
configure:7161: checking how to run the C++ preprocessor
configure:7183: x86_64-w64-mingw32-c++ -E  conftest.cpp
configure:7183: $? = 0
configure:7198: x86_64-w64-mingw32-c++ -E  conftest.cpp
conftest.cpp:11:10: fatal error: ac_nonexistent.h: No such file or directory
   11 | #include <ac_nonexistent.h>
      |          ^~~~~~~~~~~~~~~~~~
compilation terminated.
configure:7198: $? = 1
configure: failed program was:
| /* confdefs.h */
| #define PACKAGE_NAME "Protocol Buffers"
| #define PACKAGE_TARNAME "protobuf"
| #define PACKAGE_VERSION "3.21.5"
| #define PACKAGE_STRING "Protocol Buffers 3.21.5"
| #define PACKAGE_BUGREPORT "protobuf@googlegroups.com"
| #define PACKAGE_URL ""
| #define PACKAGE "protobuf"
| #define VERSION "3.21.5"
| /* end confdefs.h.  */
| #include <ac_nonexistent.h>
configure:7225: result: x86_64-w64-mingw32-c++ -E
configure:7239: x86_64-w64-mingw32-c++ -E  conftest.cpp
configure:7239: $? = 0
configure:7254: x86_64-w64-mingw32-c++ -E  conftest.cpp
conftest.cpp:11:10: fatal error: ac_nonexistent.h: No such file or directory
   11 | #include <ac_nonexistent.h>
      |          ^~~~~~~~~~~~~~~~~~
compilation terminated.
configure:7254: $? = 1
configure: failed program was:
| /* confdefs.h */
| #define PACKAGE_NAME "Protocol Buffers"
| #define PACKAGE_TARNAME "protobuf"
| #define PACKAGE_VERSION "3.21.5"
| #define PACKAGE_STRING "Protocol Buffers 3.21.5"
| #define PACKAGE_BUGREPORT "protobuf@googlegroups.com"
| #define PACKAGE_URL ""
| #define PACKAGE "protobuf"
| #define VERSION "3.21.5"
| /* end confdefs.h.  */
| #include <ac_nonexistent.h>
configure:7354: checking for g++
configure:7375: found /opt/rh/devtoolset-8/root/usr/bin/g++
configure:7386: result: g++
configure:7413: checking for C++ compiler version
configure:7422: g++ --version >&5
g++ (GCC) 8.3.1 20190311 (Red Hat 8.3.1-3)
Copyright (C) 2018 Free Software Foundation, Inc.
This is free software; see the source for copying conditions.  There is NO
warranty; not even for MERCHANTABILITY or FITNESS FOR A PARTICULAR PURPOSE.

configure:7433: $? = 0
configure:7422: g++ -v >&5
Using built-in specs.
COLLECT_GCC=g++
COLLECT_LTO_WRAPPER=/opt/rh/devtoolset-8/root/usr/libexec/gcc/x86_64-redhat-linux/8/lto-wrapper
Target: x86_64-redhat-linux
Configured with: ../configure --enable-bootstrap --enable-languages=c,c++,fortran,lto --prefix=/opt/rh/devtoolset-8/root/usr --mandir=/opt/rh/devtoolset-8/root/usr/share/man --infodir=/opt/rh/devtoolset-8/root/usr/share/info --with-bugurl=http://bugzilla.redhat.com/bugzilla --enable-shared --enable-threads=posix --enable-checking=release --enable-multilib --with-system-zlib --enable-__cxa_atexit --disable-libunwind-exceptions --enable-gnu-unique-object --enable-linker-build-id --with-gcc-major-version-only --with-linker-hash-style=gnu --with-default-libstdcxx-abi=gcc4-compatible --enable-plugin --enable-initfini-array --with-isl=/builddir/build/BUILD/gcc-8.3.1-20190311/obj-x86_64-redhat-linux/isl-install --disable-libmpx --enable-gnu-indirect-function --with-tune=generic --with-arch_32=x86-64 --build=x86_64-redhat-linux
Thread model: posix
gcc version 8.3.1 20190311 (Red Hat 8.3.1-3) (GCC) 
configure:7433: $? = 0
configure:7422: g++ -V >&5
g++: error: unrecognized command line option '-V'
g++: fatal error: no input files
compilation terminated.
configure:7433: $? = 1
configure:7422: g++ -qversion >&5
g++: error: unrecognized command line option '-qversion'; did you mean '--version'?
g++: fatal error: no input files
compilation terminated.
configure:7433: $? = 1
configure:7437: checking whether the compiler supports GNU C++
configure:7467: result: yes
configure:7478: checking whether g++ accepts -g
configure:7499: x86_64-w64-mingw32-gcc -c   conftest.cpp >&5
configure:7499: $? = 0
configure:7543: result: yes
configure:7563: checking for g++ option to enable C++11 features
configure:7596: result: none needed
configure:7662: checking dependency style of g++
configure:7774: result: gcc3
configure:7794: checking how to run the C++ preprocessor
configure:7816: g++ -E  conftest.cpp
configure:7816: $? = 0
configure:7831: g++ -E  conftest.cpp
conftest.cpp:11:10: fatal error: ac_nonexistent.h: No such file or directory
 #include <ac_nonexistent.h>
          ^~~~~~~~~~~~~~~~~~
compilation terminated.
configure:7831: $? = 1
configure: failed program was:
| /* confdefs.h */
| #define PACKAGE_NAME "Protocol Buffers"
| #define PACKAGE_TARNAME "protobuf"
| #define PACKAGE_VERSION "3.21.5"
| #define PACKAGE_STRING "Protocol Buffers 3.21.5"
| #define PACKAGE_BUGREPORT "protobuf@googlegroups.com"
| #define PACKAGE_URL ""
| #define PACKAGE "protobuf"
| #define VERSION "3.21.5"
| /* end confdefs.h.  */
| #include <ac_nonexistent.h>
configure:7858: result: g++ -E
configure:7872: g++ -E  conftest.cpp
configure:7872: $? = 0
configure:7887: g++ -E  conftest.cpp
conftest.cpp:11:10: fatal error: ac_nonexistent.h: No such file or directory
 #include <ac_nonexistent.h>
          ^~~~~~~~~~~~~~~~~~
compilation terminated.
configure:7887: $? = 1
configure: failed program was:
| /* confdefs.h */
| #define PACKAGE_NAME "Protocol Buffers"
| #define PACKAGE_TARNAME "protobuf"
| #define PACKAGE_VERSION "3.21.5"
| #define PACKAGE_STRING "Protocol Buffers 3.21.5"
| #define PACKAGE_BUGREPORT "protobuf@googlegroups.com"
| #define PACKAGE_URL ""
| #define PACKAGE "protobuf"
| #define VERSION "3.21.5"
| /* end confdefs.h.  */
| #include <ac_nonexistent.h>
configure:7934: checking for stdio.h
configure:7934: x86_64-w64-mingw32-c++ -c   conftest.cpp >&5
configure:7934: $? = 0
configure:7934: result: yes
configure:7934: checking for stdlib.h
configure:7934: x86_64-w64-mingw32-c++ -c   conftest.cpp >&5
configure:7934: $? = 0
configure:7934: result: yes
configure:7934: checking for string.h
configure:7934: x86_64-w64-mingw32-c++ -c   conftest.cpp >&5
configure:7934: $? = 0
configure:7934: result: yes
configure:7934: checking for inttypes.h
configure:7934: x86_64-w64-mingw32-c++ -c   conftest.cpp >&5
configure:7934: $? = 0
configure:7934: result: yes
configure:7934: checking for stdint.h
configure:7934: x86_64-w64-mingw32-c++ -c   conftest.cpp >&5
configure:7934: $? = 0
configure:7934: result: yes
configure:7934: checking for strings.h
configure:7934: x86_64-w64-mingw32-c++ -c   conftest.cpp >&5
configure:7934: $? = 0
configure:7934: result: yes
configure:7934: checking for sys/stat.h
configure:7934: x86_64-w64-mingw32-c++ -c   conftest.cpp >&5
configure:7934: $? = 0
configure:7934: result: yes
configure:7934: checking for sys/types.h
configure:7934: x86_64-w64-mingw32-c++ -c   conftest.cpp >&5
configure:7934: $? = 0
configure:7934: result: yes
configure:7934: checking for unistd.h
configure:7934: x86_64-w64-mingw32-c++ -c   conftest.cpp >&5
configure:7934: $? = 0
configure:7934: result: yes
configure:7934: checking for wchar.h
configure:7934: x86_64-w64-mingw32-c++ -c   conftest.cpp >&5
configure:7934: $? = 0
configure:7934: result: yes
configure:7934: checking for minix/config.h
configure:7934: x86_64-w64-mingw32-c++ -c   conftest.cpp >&5
conftest.cpp:49:10: fatal error: minix/config.h: No such file or directory
   49 | #include <minix/config.h>
      |          ^~~~~~~~~~~~~~~~
compilation terminated.
configure:7934: $? = 1
configure: failed program was:
| /* confdefs.h */
| #define PACKAGE_NAME "Protocol Buffers"
| #define PACKAGE_TARNAME "protobuf"
| #define PACKAGE_VERSION "3.21.5"
| #define PACKAGE_STRING "Protocol Buffers 3.21.5"
| #define PACKAGE_BUGREPORT "protobuf@googlegroups.com"
| #define PACKAGE_URL ""
| #define PACKAGE "protobuf"
| #define VERSION "3.21.5"
| #define HAVE_STDIO_H 1
| #define HAVE_STDLIB_H 1
| #define HAVE_STRING_H 1
| #define HAVE_INTTYPES_H 1
| #define HAVE_STDINT_H 1
| #define HAVE_STRINGS_H 1
| #define HAVE_SYS_STAT_H 1
| #define HAVE_SYS_TYPES_H 1
| #define HAVE_UNISTD_H 1
| #define HAVE_WCHAR_H 1
| /* end confdefs.h.  */
| #include <stddef.h>
| #ifdef HAVE_STDIO_H
| # include <stdio.h>
| #endif
| #ifdef HAVE_STDLIB_H
| # include <stdlib.h>
| #endif
| #ifdef HAVE_STRING_H
| # include <string.h>
| #endif
| #ifdef HAVE_INTTYPES_H
| # include <inttypes.h>
| #endif
| #ifdef HAVE_STDINT_H
| # include <stdint.h>
| #endif
| #ifdef HAVE_STRINGS_H
| # include <strings.h>
| #endif
| #ifdef HAVE_SYS_TYPES_H
| # include <sys/types.h>
| #endif
| #ifdef HAVE_SYS_STAT_H
| # include <sys/stat.h>
| #endif
| #ifdef HAVE_UNISTD_H
| # include <unistd.h>
| #endif
| #include <minix/config.h>
configure:7934: result: no
configure:7965: checking whether it is safe to define __EXTENSIONS__
configure:7984: x86_64-w64-mingw32-c++ -c   conftest.cpp >&5
configure:7984: $? = 0
configure:7992: result: yes
configure:7995: checking whether _XOPEN_SOURCE should be defined
configure:8017: x86_64-w64-mingw32-c++ -c   conftest.cpp >&5
configure:8017: $? = 0
configure:8044: result: no
configure:8112: checking for x86_64-ar
configure:8144: result: x86_64-w64-mingw32-ar
configure:8219: checking the archiver (x86_64-w64-mingw32-ar) interface
configure:8236: x86_64-w64-mingw32-gcc -c   conftest.c >&5
configure:8236: $? = 0
configure:8239: x86_64-w64-mingw32-ar cru libconftest.a conftest.o >&5
configure:8242: $? = 0
configure:8270: result: ar
configure:8708: checking C++ compiler flags...
configure:8726: result: use default: -O2  -g -std=c++11 -DNDEBUG
configure:8738: checking for x86_64-w64-mingw32-c++ options needed to detect all undeclared functions
configure:8760: x86_64-w64-mingw32-c++ -c  -g -std=c++11 -DNDEBUG  conftest.cpp >&5
conftest.cpp: In function 'int main()':
conftest.cpp:42:8: error: 'strchr' was not declared in this scope
   42 | (void) strchr;
      |        ^~~~~~
conftest.cpp:1:1: note: 'strchr' is defined in header '<cstring>'; did you forget to '#include <cstring>'?
    1 | /* confdefs.h */
configure:8760: $? = 1
configure: failed program was:
| /* confdefs.h */
| #define PACKAGE_NAME "Protocol Buffers"
| #define PACKAGE_TARNAME "protobuf"
| #define PACKAGE_VERSION "3.21.5"
| #define PACKAGE_STRING "Protocol Buffers 3.21.5"
| #define PACKAGE_BUGREPORT "protobuf@googlegroups.com"
| #define PACKAGE_URL ""
| #define PACKAGE "protobuf"
| #define VERSION "3.21.5"
| #define HAVE_STDIO_H 1
| #define HAVE_STDLIB_H 1
| #define HAVE_STRING_H 1
| #define HAVE_INTTYPES_H 1
| #define HAVE_STDINT_H 1
| #define HAVE_STRINGS_H 1
| #define HAVE_SYS_STAT_H 1
| #define HAVE_SYS_TYPES_H 1
| #define HAVE_UNISTD_H 1
| #define HAVE_WCHAR_H 1
| #define STDC_HEADERS 1
| #define _ALL_SOURCE 1
| #define _DARWIN_C_SOURCE 1
| #define _GNU_SOURCE 1
| #define _HPUX_ALT_XOPEN_SOCKET_API 1
| #define _NETBSD_SOURCE 1
| #define _OPENBSD_SOURCE 1
| #define _POSIX_PTHREAD_SEMANTICS 1
| #define __STDC_WANT_IEC_60559_ATTRIBS_EXT__ 1
| #define __STDC_WANT_IEC_60559_BFP_EXT__ 1
| #define __STDC_WANT_IEC_60559_DFP_EXT__ 1
| #define __STDC_WANT_IEC_60559_FUNCS_EXT__ 1
| #define __STDC_WANT_IEC_60559_TYPES_EXT__ 1
| #define __STDC_WANT_LIB_EXT2__ 1
| #define __STDC_WANT_MATH_SPEC_FUNCS__ 1
| #define _TANDEM_SOURCE 1
| #define __EXTENSIONS__ 1
| /* end confdefs.h.  */
| 
| int
| main (void)
| {
| (void) strchr;
|   ;
|   return 0;
| }
configure:8787: x86_64-w64-mingw32-c++ -c  -g -std=c++11 -DNDEBUG  conftest.cpp >&5
configure:8787: $? = 0
configure:8804: result: none needed
configure:8826: checking whether __SUNPRO_CC is declared
configure:8826: x86_64-w64-mingw32-c++ -c  -g -std=c++11 -DNDEBUG   conftest.cpp >&5
conftest.cpp: In function 'int main()':
conftest.cpp:71:10: error: '__SUNPRO_CC' was not declared in this scope
   71 |   (void) __SUNPRO_CC;
      |          ^~~~~~~~~~~
configure:8826: $? = 1
configure: failed program was:
| /* confdefs.h */
| #define PACKAGE_NAME "Protocol Buffers"
| #define PACKAGE_TARNAME "protobuf"
| #define PACKAGE_VERSION "3.21.5"
| #define PACKAGE_STRING "Protocol Buffers 3.21.5"
| #define PACKAGE_BUGREPORT "protobuf@googlegroups.com"
| #define PACKAGE_URL ""
| #define PACKAGE "protobuf"
| #define VERSION "3.21.5"
| #define HAVE_STDIO_H 1
| #define HAVE_STDLIB_H 1
| #define HAVE_STRING_H 1
| #define HAVE_INTTYPES_H 1
| #define HAVE_STDINT_H 1
| #define HAVE_STRINGS_H 1
| #define HAVE_SYS_STAT_H 1
| #define HAVE_SYS_TYPES_H 1
| #define HAVE_UNISTD_H 1
| #define HAVE_WCHAR_H 1
| #define STDC_HEADERS 1
| #define _ALL_SOURCE 1
| #define _DARWIN_C_SOURCE 1
| #define _GNU_SOURCE 1
| #define _HPUX_ALT_XOPEN_SOCKET_API 1
| #define _NETBSD_SOURCE 1
| #define _OPENBSD_SOURCE 1
| #define _POSIX_PTHREAD_SEMANTICS 1
| #define __STDC_WANT_IEC_60559_ATTRIBS_EXT__ 1
| #define __STDC_WANT_IEC_60559_BFP_EXT__ 1
| #define __STDC_WANT_IEC_60559_DFP_EXT__ 1
| #define __STDC_WANT_IEC_60559_FUNCS_EXT__ 1
| #define __STDC_WANT_IEC_60559_TYPES_EXT__ 1
| #define __STDC_WANT_LIB_EXT2__ 1
| #define __STDC_WANT_MATH_SPEC_FUNCS__ 1
| #define _TANDEM_SOURCE 1
| #define __EXTENSIONS__ 1
| /* end confdefs.h.  */
| #include <stddef.h>
| #ifdef HAVE_STDIO_H
| # include <stdio.h>
| #endif
| #ifdef HAVE_STDLIB_H
| # include <stdlib.h>
| #endif
| #ifdef HAVE_STRING_H
| # include <string.h>
| #endif
| #ifdef HAVE_INTTYPES_H
| # include <inttypes.h>
| #endif
| #ifdef HAVE_STDINT_H
| # include <stdint.h>
| #endif
| #ifdef HAVE_STRINGS_H
| # include <strings.h>
| #endif
| #ifdef HAVE_SYS_TYPES_H
| # include <sys/types.h>
| #endif
| #ifdef HAVE_SYS_STAT_H
| # include <sys/stat.h>
| #endif
| #ifdef HAVE_UNISTD_H
| # include <unistd.h>
| #endif
| int
| main (void)
| {
| #ifndef __SUNPRO_CC
| #ifdef __cplusplus
|   (void) __SUNPRO_CC;
| #else
|   (void) __SUNPRO_CC;
| #endif
| #endif
| 
|   ;
|   return 0;
| }
configure:8826: result: no
configure:9009: checking how to print strings
configure:9036: result: printf
configure:9057: checking for a sed that does not truncate output
configure:9127: result: /usr/bin/sed
configure:9145: checking for grep that handles long lines and -e
configure:9209: result: /usr/bin/grep
configure:9214: checking for egrep
configure:9282: result: /usr/bin/grep -E
configure:9287: checking for fgrep
configure:9355: result: /usr/bin/grep -F
configure:9391: checking for ld used by x86_64-w64-mingw32-gcc
configure:9459: result: x86_64-w64-mingw32-ld
configure:9466: checking if the linker (x86_64-w64-mingw32-ld) is GNU ld
configure:9482: result: yes
configure:9494: checking for BSD- or MS-compatible name lister (nm)
configure:9549: result: x86_64-w64-mingw32-nm
configure:9689: checking the name lister (x86_64-w64-mingw32-nm) interface
configure:9697: x86_64-w64-mingw32-c++ -c  -g -std=c++11 -DNDEBUG  conftest.cpp >&5
configure:9700: x86_64-w64-mingw32-nm "conftest.o"
configure:9703: output
0000000000000000 b .bss
0000000000000000 d .data
0000000000000000 N .debug_abbrev
0000000000000000 N .debug_aranges
0000000000000000 N .debug_info
0000000000000000 N .debug_line
0000000000000000 N .debug_line_str
0000000000000000 r .rdata$zzz
0000000000000000 t .text
0000000000000000 B some_variable
configure:9710: result: BSD nm
configure:9713: checking whether ln -s works
configure:9717: result: yes
configure:9725: checking the maximum length of command line arguments
configure:9857: result: 1572864
configure:9905: checking how to convert x86_64-pc-linux-gnu file names to x86_64-pc-none format
configure:9946: result: func_convert_file_noop
configure:9953: checking how to convert x86_64-pc-linux-gnu file names to toolchain format
configure:9974: result: func_convert_file_noop
configure:9981: checking for x86_64-w64-mingw32-ld option to reload object files
configure:9989: result: -r
configure:10023: checking for x86_64-file
configure:10058: result: no
configure:10068: checking for file
configure:10089: found /usr/bin/file
configure:10100: result: file
configure:10112: WARNING: using cross tools not prefixed with host triplet
configure:10131: checking for x86_64-objdump
configure:10163: result: x86_64-w64-mingw32-objdump
configure:10240: checking how to recognize dependent libraries
configure:10441: result: unknown
configure:10486: checking for x86_64-dlltool
configure:10518: result: x86_64-w64-mingw32-dlltool
configure:10596: checking how to associate runtime and link libraries
configure:10624: result: printf %s\n
configure:10640: checking for x86_64-ar
configure:10672: result: x86_64-w64-mingw32-ar
configure:10774: checking for archiver @FILE support
configure:10792: x86_64-w64-mingw32-c++ -c  -g -std=c++11 -DNDEBUG  conftest.cpp >&5
configure:10792: $? = 0
configure:10796: x86_64-w64-mingw32-ar cr libconftest.a @conftest.lst >&5
configure:10799: $? = 0
configure:10804: x86_64-w64-mingw32-ar cr libconftest.a @conftest.lst >&5
x86_64-w64-mingw32-ar: conftest.o: No such file or directory
configure:10807: $? = 1
configure:10819: result: @
configure:10837: checking for x86_64-strip
configure:10869: result: x86_64-w64-mingw32-strip
configure:10946: checking for x86_64-ranlib
configure:10978: result: x86_64-w64-mingw32-ranlib
configure:11125: checking command to parse x86_64-w64-mingw32-nm output from x86_64-w64-mingw32-gcc object
configure:11279: x86_64-w64-mingw32-c++ -c  -g -std=c++11 -DNDEBUG  conftest.cpp >&5
configure:11282: $? = 0
configure:11286: x86_64-w64-mingw32-nm conftest.o | /usr/bin/sed -n -e 's/^.*[	 ]\([ABCDGIRSTW][ABCDGIRSTW]*\)[	 ][	 ]*\([_A-Za-z][_A-Za-z0-9]*\)$/\1 \2 \2/p' | /usr/bin/sed '/ __gnu_lto/d' > conftest.nm
configure:11352: x86_64-w64-mingw32-c++ -o conftest.exe  -g -std=c++11 -DNDEBUG   conftest.cpp conftstm.o >&5
configure:11355: $? = 0
configure:11393: result: ok
configure:11440: checking for sysroot
configure:11471: result: no
configure:11478: checking for a working dd
configure:11522: result: /usr/bin/dd
configure:11526: checking how to truncate binary pipes
configure:11542: result: /usr/bin/dd bs=4096 count=1
configure:11834: checking for x86_64-mt
configure:11869: result: no
configure:11879: checking for mt
configure:11914: result: no
configure:11934: checking if : is a manifest tool
configure:11941: : '-?'
configure:11949: result: no
configure:12670: checking for dlfcn.h
configure:12670: x86_64-w64-mingw32-c++ -c  -g -std=c++11 -DNDEBUG  conftest.cpp >&5
conftest.cpp:67:10: fatal error: dlfcn.h: No such file or directory
   67 | #include <dlfcn.h>
      |          ^~~~~~~~~
compilation terminated.
configure:12670: $? = 1
configure: failed program was:
| /* confdefs.h */
| #define PACKAGE_NAME "Protocol Buffers"
| #define PACKAGE_TARNAME "protobuf"
| #define PACKAGE_VERSION "3.21.5"
| #define PACKAGE_STRING "Protocol Buffers 3.21.5"
| #define PACKAGE_BUGREPORT "protobuf@googlegroups.com"
| #define PACKAGE_URL ""
| #define PACKAGE "protobuf"
| #define VERSION "3.21.5"
| #define HAVE_STDIO_H 1
| #define HAVE_STDLIB_H 1
| #define HAVE_STRING_H 1
| #define HAVE_INTTYPES_H 1
| #define HAVE_STDINT_H 1
| #define HAVE_STRINGS_H 1
| #define HAVE_SYS_STAT_H 1
| #define HAVE_SYS_TYPES_H 1
| #define HAVE_UNISTD_H 1
| #define HAVE_WCHAR_H 1
| #define STDC_HEADERS 1
| #define _ALL_SOURCE 1
| #define _DARWIN_C_SOURCE 1
| #define _GNU_SOURCE 1
| #define _HPUX_ALT_XOPEN_SOCKET_API 1
| #define _NETBSD_SOURCE 1
| #define _OPENBSD_SOURCE 1
| #define _POSIX_PTHREAD_SEMANTICS 1
| #define __STDC_WANT_IEC_60559_ATTRIBS_EXT__ 1
| #define __STDC_WANT_IEC_60559_BFP_EXT__ 1
| #define __STDC_WANT_IEC_60559_DFP_EXT__ 1
| #define __STDC_WANT_IEC_60559_FUNCS_EXT__ 1
| #define __STDC_WANT_IEC_60559_TYPES_EXT__ 1
| #define __STDC_WANT_LIB_EXT2__ 1
| #define __STDC_WANT_MATH_SPEC_FUNCS__ 1
| #define _TANDEM_SOURCE 1
| #define __EXTENSIONS__ 1
| /* end confdefs.h.  */
| #include <stddef.h>
| #ifdef HAVE_STDIO_H
| # include <stdio.h>
| #endif
| #ifdef HAVE_STDLIB_H
| # include <stdlib.h>
| #endif
| #ifdef HAVE_STRING_H
| # include <string.h>
| #endif
| #ifdef HAVE_INTTYPES_H
| # include <inttypes.h>
| #endif
| #ifdef HAVE_STDINT_H
| # include <stdint.h>
| #endif
| #ifdef HAVE_STRINGS_H
| # include <strings.h>
| #endif
| #ifdef HAVE_SYS_TYPES_H
| # include <sys/types.h>
| #endif
| #ifdef HAVE_SYS_STAT_H
| # include <sys/stat.h>
| #endif
| #ifdef HAVE_UNISTD_H
| # include <unistd.h>
| #endif
| 
| #include <dlfcn.h>
configure:12670: result: no
configure:12939: checking for objdir
configure:12955: result: .libs
configure:13219: checking if x86_64-w64-mingw32-gcc supports -fno-rtti -fno-exceptions
configure:13238: x86_64-w64-mingw32-gcc -c   -fno-rtti -fno-exceptions conftest.c >&5
cc1: warning: command-line option '-fno-rtti' is valid for C++/D/ObjC++ but not for C
configure:13242: $? = 0
configure:13255: result: no
configure:13619: checking for x86_64-w64-mingw32-gcc option to produce PIC
configure:13627: result: -fPIC -DPIC
configure:13635: checking if x86_64-w64-mingw32-gcc PIC flag -fPIC -DPIC works
configure:13654: x86_64-w64-mingw32-gcc -c   -fPIC -DPIC -DPIC conftest.c >&5
configure:13658: $? = 0
configure:13671: result: yes
configure:13700: checking if x86_64-w64-mingw32-gcc static flag -static works
configure:13729: result: yes
configure:13744: checking if x86_64-w64-mingw32-gcc supports -c -o file.o
configure:13766: x86_64-w64-mingw32-gcc -c   -o out/conftest2.o conftest.c >&5
configure:13770: $? = 0
configure:13792: result: yes
configure:13800: checking if x86_64-w64-mingw32-gcc supports -c -o file.o
configure:13848: result: yes
configure:13881: checking whether the x86_64-w64-mingw32-gcc linker (x86_64-w64-mingw32-ld) supports shared libraries
configure:15155: result: yes
configure:15192: checking whether -lc should be explicitly linked in
configure:15201: x86_64-w64-mingw32-gcc -c   conftest.c >&5
configure:15204: $? = 0
configure:15219: x86_64-w64-mingw32-gcc -shared  -fPIC -DPIC conftest.o  -v -Wl,-soname -Wl,conftest -o conftest 2\>\&1 \| /usr/bin/grep  -lc  \>/dev/null 2\>\&1
configure:15222: $? = 1
configure:15236: result: yes
configure:15396: checking dynamic linker characteristics
configure:16229: result: no
configure:16351: checking how to hardcode library paths into programs
configure:16376: result: immediate
configure:16928: checking whether stripping libraries is possible
configure:16937: result: yes
configure:16979: checking if libtool supports shared libraries
configure:16981: result: no
configure:16984: checking whether to build shared libraries
configure:17009: result: no
configure:17012: checking whether to build static libraries
configure:17016: result: yes
configure:17039: checking how to run the C++ preprocessor
configure:17103: result: x86_64-w64-mingw32-c++ -E
configure:17117: x86_64-w64-mingw32-c++ -E  conftest.cpp
configure:17117: $? = 0
configure:17132: x86_64-w64-mingw32-c++ -E  conftest.cpp
conftest.cpp:39:10: fatal error: ac_nonexistent.h: No such file or directory
   39 | #include <ac_nonexistent.h>
      |          ^~~~~~~~~~~~~~~~~~
compilation terminated.
configure:17132: $? = 1
configure: failed program was:
| /* confdefs.h */
| #define PACKAGE_NAME "Protocol Buffers"
| #define PACKAGE_TARNAME "protobuf"
| #define PACKAGE_VERSION "3.21.5"
| #define PACKAGE_STRING "Protocol Buffers 3.21.5"
| #define PACKAGE_BUGREPORT "protobuf@googlegroups.com"
| #define PACKAGE_URL ""
| #define PACKAGE "protobuf"
| #define VERSION "3.21.5"
| #define HAVE_STDIO_H 1
| #define HAVE_STDLIB_H 1
| #define HAVE_STRING_H 1
| #define HAVE_INTTYPES_H 1
| #define HAVE_STDINT_H 1
| #define HAVE_STRINGS_H 1
| #define HAVE_SYS_STAT_H 1
| #define HAVE_SYS_TYPES_H 1
| #define HAVE_UNISTD_H 1
| #define HAVE_WCHAR_H 1
| #define STDC_HEADERS 1
| #define _ALL_SOURCE 1
| #define _DARWIN_C_SOURCE 1
| #define _GNU_SOURCE 1
| #define _HPUX_ALT_XOPEN_SOCKET_API 1
| #define _NETBSD_SOURCE 1
| #define _OPENBSD_SOURCE 1
| #define _POSIX_PTHREAD_SEMANTICS 1
| #define __STDC_WANT_IEC_60559_ATTRIBS_EXT__ 1
| #define __STDC_WANT_IEC_60559_BFP_EXT__ 1
| #define __STDC_WANT_IEC_60559_DFP_EXT__ 1
| #define __STDC_WANT_IEC_60559_FUNCS_EXT__ 1
| #define __STDC_WANT_IEC_60559_TYPES_EXT__ 1
| #define __STDC_WANT_LIB_EXT2__ 1
| #define __STDC_WANT_MATH_SPEC_FUNCS__ 1
| #define _TANDEM_SOURCE 1
| #define __EXTENSIONS__ 1
| #define LT_OBJDIR ".libs/"
| /* end confdefs.h.  */
| #include <ac_nonexistent.h>
configure:17297: checking for ld used by x86_64-w64-mingw32-c++
configure:17365: result: x86_64-w64-mingw32-ld
configure:17372: checking if the linker (x86_64-w64-mingw32-ld) is GNU ld
configure:17388: result: yes
configure:17443: checking whether the x86_64-w64-mingw32-c++ linker (x86_64-w64-mingw32-ld) supports shared libraries
configure:18521: result: no
configure:18557: x86_64-w64-mingw32-c++ -c  -g -std=c++11 -DNDEBUG  conftest.cpp >&5
configure:18560: $? = 0
configure:19041: checking for x86_64-w64-mingw32-c++ option to produce PIC
configure:19049: result: -fPIC -DPIC
configure:19057: checking if x86_64-w64-mingw32-c++ PIC flag -fPIC -DPIC works
configure:19076: x86_64-w64-mingw32-c++ -c  -g -std=c++11 -DNDEBUG  -fPIC -DPIC -DPIC conftest.cpp >&5
configure:19080: $? = 0
configure:19093: result: yes
configure:19116: checking if x86_64-w64-mingw32-c++ static flag -static works
configure:19145: result: yes
configure:19157: checking if x86_64-w64-mingw32-c++ supports -c -o file.o
configure:19179: x86_64-w64-mingw32-c++ -c  -g -std=c++11 -DNDEBUG  -o out/conftest2.o conftest.cpp >&5
configure:19183: $? = 0
configure:19205: result: yes
configure:19210: checking if x86_64-w64-mingw32-c++ supports -c -o file.o
configure:19258: result: yes
configure:19288: checking whether the x86_64-w64-mingw32-c++ linker (x86_64-w64-mingw32-ld) supports shared libraries
configure:19331: result: no
configure:19473: checking dynamic linker characteristics
configure:20233: result: no
configure:20298: checking how to hardcode library paths into programs
configure:20323: result: immediate
configure:20386: checking whether the linker supports version scripts
configure:20402: x86_64-w64-mingw32-c++ -o conftest.exe  -g -std=c++11 -DNDEBUG   -Wl,--version-script=conftest.map conftest.cpp  >&5
configure:20402: $? = 0
configure:20404: result: yes
configure:20426: checking for egrep
configure:20494: result: /usr/bin/grep -E
configure:20500: checking for fcntl.h
configure:20500: x86_64-w64-mingw32-c++ -c  -g -std=c++11 -DNDEBUG  conftest.cpp >&5
configure:20500: $? = 0
configure:20500: result: yes
configure:20506: checking for inttypes.h
configure:20506: result: yes
configure:20512: checking for limits.h
configure:20512: x86_64-w64-mingw32-c++ -c  -g -std=c++11 -DNDEBUG  conftest.cpp >&5
configure:20512: $? = 0
configure:20512: result: yes
configure:20518: checking for stdlib.h
configure:20518: result: yes
configure:20524: checking for unistd.h
configure:20524: result: yes
configure:20533: checking for working memcmp
configure:20589: result: no
configure:20598: checking for working strtod
configure:20652: result: no
configure:20661: checking for pow
configure:20661: x86_64-w64-mingw32-c++ -o conftest.exe  -g -std=c++11 -DNDEBUG   conftest.cpp  >&5
conftest.cpp:60:6: warning: declaration of 'char pow()' conflicts with built-in declaration 'double pow(double, double)' [-Wbuiltin-declaration-mismatch]
   60 | char pow ();
      |      ^~~
configure:20661: $? = 0
configure:20661: result: yes
configure:20714: checking for ftruncate
configure:20714: x86_64-w64-mingw32-c++ -o conftest.exe  -g -std=c++11 -DNDEBUG   conftest.cpp  >&5
configure:20714: $? = 0
configure:20714: result: yes
configure:20720: checking for memset
configure:20720: x86_64-w64-mingw32-c++ -o conftest.exe  -g -std=c++11 -DNDEBUG   conftest.cpp  >&5
conftest.cpp:61:6: warning: declaration of 'char memset()' conflicts with built-in declaration 'void* memset(void*, int, long long unsigned int)' [-Wbuiltin-declaration-mismatch]
   61 | char memset ();
      |      ^~~~~~
configure:20720: $? = 0
configure:20720: result: yes
configure:20726: checking for mkdir
configure:20726: x86_64-w64-mingw32-c++ -o conftest.exe  -g -std=c++11 -DNDEBUG   conftest.cpp  >&5
configure:20726: $? = 0
configure:20726: result: yes
configure:20732: checking for strchr
configure:20732: x86_64-w64-mingw32-c++ -o conftest.exe  -g -std=c++11 -DNDEBUG   conftest.cpp  >&5
conftest.cpp:63:6: warning: declaration of 'char strchr()' conflicts with built-in declaration 'char* strchr(const char*, int)' [-Wbuiltin-declaration-mismatch]
   63 | char strchr ();
      |      ^~~~~~
configure:20732: $? = 0
configure:20732: result: yes
configure:20738: checking for strerror
configure:20738: x86_64-w64-mingw32-c++ -o conftest.exe  -g -std=c++11 -DNDEBUG   conftest.cpp  >&5
configure:20738: $? = 0
configure:20738: result: yes
configure:20744: checking for strtol
configure:20744: x86_64-w64-mingw32-c++ -o conftest.exe  -g -std=c++11 -DNDEBUG   conftest.cpp  >&5
configure:20744: $? = 0
configure:20744: result: yes
configure:20757: checking zlib version
configure:20777: x86_64-w64-mingw32-c++ -c  -g -std=c++11 -DNDEBUG  conftest.cpp >&5
conftest.cpp:51:18: fatal error: zlib.h: No such file or directory
   51 |         #include <zlib.h>
      |                  ^~~~~~~~
compilation terminated.
configure:20777: $? = 1
configure: failed program was:
| /* confdefs.h */
| #define PACKAGE_NAME "Protocol Buffers"
| #define PACKAGE_TARNAME "protobuf"
| #define PACKAGE_VERSION "3.21.5"
| #define PACKAGE_STRING "Protocol Buffers 3.21.5"
| #define PACKAGE_BUGREPORT "protobuf@googlegroups.com"
| #define PACKAGE_URL ""
| #define PACKAGE "protobuf"
| #define VERSION "3.21.5"
| #define HAVE_STDIO_H 1
| #define HAVE_STDLIB_H 1
| #define HAVE_STRING_H 1
| #define HAVE_INTTYPES_H 1
| #define HAVE_STDINT_H 1
| #define HAVE_STRINGS_H 1
| #define HAVE_SYS_STAT_H 1
| #define HAVE_SYS_TYPES_H 1
| #define HAVE_UNISTD_H 1
| #define HAVE_WCHAR_H 1
| #define STDC_HEADERS 1
| #define _ALL_SOURCE 1
| #define _DARWIN_C_SOURCE 1
| #define _GNU_SOURCE 1
| #define _HPUX_ALT_XOPEN_SOCKET_API 1
| #define _NETBSD_SOURCE 1
| #define _OPENBSD_SOURCE 1
| #define _POSIX_PTHREAD_SEMANTICS 1
| #define __STDC_WANT_IEC_60559_ATTRIBS_EXT__ 1
| #define __STDC_WANT_IEC_60559_BFP_EXT__ 1
| #define __STDC_WANT_IEC_60559_DFP_EXT__ 1
| #define __STDC_WANT_IEC_60559_FUNCS_EXT__ 1
| #define __STDC_WANT_IEC_60559_TYPES_EXT__ 1
| #define __STDC_WANT_LIB_EXT2__ 1
| #define __STDC_WANT_MATH_SPEC_FUNCS__ 1
| #define _TANDEM_SOURCE 1
| #define __EXTENSIONS__ 1
| #define LT_OBJDIR ".libs/"
| #define HAVE_FCNTL_H 1
| #define HAVE_INTTYPES_H 1
| #define HAVE_LIMITS_H 1
| #define HAVE_STDLIB_H 1
| #define HAVE_UNISTD_H 1
| #define HAVE_FTRUNCATE 1
| #define HAVE_MEMSET 1
| #define HAVE_MKDIR 1
| #define HAVE_STRCHR 1
| #define HAVE_STRERROR 1
| #define HAVE_STRTOL 1
| /* end confdefs.h.  */
| 
|         #include <zlib.h>
|         #if !defined(ZLIB_VERNUM) || (ZLIB_VERNUM < 0x1204)
|         # error zlib version too old
|         #endif
| 
| int
| main (void)
| {
| 
|   ;
|   return 0;
| }
configure:20865: result: headers missing or too old (requires 1.2.0.4)
configure:20899: checking whether x86_64-w64-mingw32-c++ supports C++11 features by default
configure:21213: x86_64-w64-mingw32-c++ -c  -g -std=c++11 -DNDEBUG  conftest.cpp >&5
configure:21213: $? = 0
configure:21221: result: yes
configure:21600: checking whether -latomic is needed
configure:21613: x86_64-w64-mingw32-c++ -o conftest.exe  -g -std=c++11 -DNDEBUG   conftest.cpp  >&5
configure:21613: $? = 0
configure:21621: result: no
configure:21820: checking whether x86_64-w64-mingw32-gcc is Clang
configure:21847: result: no
configure:21912: checking whether pthreads work with "-pthread" and "-lpthread"
configure:22023: x86_64-w64-mingw32-gcc -o conftest.exe  -pthread   conftest.c -lpthread  >&5
configure:22023: $? = 0
configure:22033: result: yes
configure:22156: checking for joinable pthread attribute
configure:22175: x86_64-w64-mingw32-gcc -o conftest.exe  -pthread   conftest.c -lpthread  >&5
configure:22175: $? = 0
configure:22184: result: PTHREAD_CREATE_JOINABLE
configure:22197: checking whether more special flags are required for pthreads
configure:22211: result: no
configure:22220: checking for PTHREAD_PRIO_INHERIT
configure:22238: x86_64-w64-mingw32-gcc -o conftest.exe  -pthread   conftest.c -lpthread  >&5
configure:22238: $? = 0
configure:22248: result: yes
configure:22367: checking the location of hash_map
configure:22393: x86_64-w64-mingw32-c++ -c  -g -std=c++11 -DNDEBUG  conftest.cpp >&5
configure:22393: $? = 0
configure:22416: x86_64-w64-mingw32-c++ -c  -g -std=c++11 -DNDEBUG  conftest.cpp >&5
configure:22416: $? = 0
configure:22475: result: <unordered_map>
configure:22501: checking whether -llog is needed
configure:22509: result: no
configure:22641: checking that generated files are newer than configure
configure:22647: result: done
configure:22714: creating ./config.status

## ---------------------- ##
## Running config.status. ##
## ---------------------- ##

This file was extended by Protocol Buffers config.status 3.21.5, which was
generated by GNU Autoconf 2.71.  Invocation command line was

  CONFIG_FILES    = 
  CONFIG_HEADERS  = 
  CONFIG_LINKS    = 
  CONFIG_COMMANDS = 
  $ ./config.status 

on VM-4-14-centos

config.status:1236: creating Makefile
config.status:1236: creating src/Makefile
config.status:1236: creating benchmarks/Makefile
config.status:1236: creating conformance/Makefile
config.status:1236: creating protobuf.pc
config.status:1236: creating protobuf-lite.pc
config.status:1236: creating config.h
config.status:1417: config.h is unchanged
config.status:1465: executing depfiles commands
config.status:1542: cd src       && sed -e '/# am--include-marker/d' Makefile         | make -f - am--depfiles
make: Nothing to be done for 'am--depfiles'.
config.status:1547: $? = 0
config.status:1542: cd benchmarks       && sed -e '/# am--include-marker/d' Makefile         | make -f - am--depfiles
make: Nothing to be done for 'am--depfiles'.
config.status:1547: $? = 0
config.status:1542: cd conformance       && sed -e '/# am--include-marker/d' Makefile         | make -f - am--depfiles
make: Nothing to be done for 'am--depfiles'.
config.status:1547: $? = 0
config.status:1465: executing libtool commands
configure:25199: === configuring in third_party/googletest (/home/lighthouse/work/cppworkspace/AResConvert/dep/protobuf-3.21.5/third_party/googletest)
configure:25260: running /bin/sh ./configure --disable-option-checking '--prefix=/usr/x86_64-w64-mingw32'  '--host=x86_64' 'host_alias=x86_64' 'CC=x86_64-w64-mingw32-gcc' 'CXX=x86_64-w64-mingw32-c++' --cache-file=/dev/null --srcdir=.

## ---------------- ##
## Cache variables. ##
## ---------------- ##

ac_cv_build=x86_64-pc-linux-gnu
ac_cv_build_prog_CPP='gcc -E'
ac_cv_build_prog_CXXCPP='g++ -E'
ac_cv_build_prog_cc_g=yes
ac_cv_build_prog_cxx_g=yes
ac_cv_c_compiler_gnu=yes
ac_cv_cxx_compiler_gnu=yes
ac_cv_cxx_hash_map='<unordered_map>'
ac_cv_cxx_hash_map_class=unordered_map
ac_cv_cxx_hash_namespace=std
ac_cv_cxx_hash_set='<unordered_set>'
ac_cv_cxx_hash_set_class=unordered_set
ac_cv_cxx_undeclared_builtin_options='none needed'
ac_cv_env_CCC_set=
ac_cv_env_CCC_value=
ac_cv_env_CC_set=set
ac_cv_env_CC_value=x86_64-w64-mingw32-gcc
ac_cv_env_CFLAGS_set=
ac_cv_env_CFLAGS_value=
ac_cv_env_CPPFLAGS_set=
ac_cv_env_CPPFLAGS_value=
ac_cv_env_CPP_set=
ac_cv_env_CPP_value=
ac_cv_env_CXXCPP_set=
ac_cv_env_CXXCPP_value=
ac_cv_env_CXXFLAGS_set=
ac_cv_env_CXXFLAGS_value=
ac_cv_env_CXX_set=set
ac_cv_env_CXX_value=x86_64-w64-mingw32-c++
ac_cv_env_DIST_LANG_set=
ac_cv_env_DIST_LANG_value=
ac_cv_env_LDFLAGS_set=
ac_cv_env_LDFLAGS_value=
ac_cv_env_LIBS_set=
ac_cv_env_LIBS_value=
ac_cv_env_LT_SYS_LIBRARY_PATH_set=
ac_cv_env_LT_SYS_LIBRARY_PATH_value=
ac_cv_env_OBJCFLAGS_set=
ac_cv_env_OBJCFLAGS_value=
ac_cv_env_OBJC_set=
ac_cv_env_OBJC_value=
ac_cv_env_build_alias_set=
ac_cv_env_build_alias_value=
ac_cv_env_host_alias_set=set
ac_cv_env_host_alias_value=x86_64
ac_cv_env_target_alias_set=
ac_cv_env_target_alias_value=
ac_cv_exeext=.exe
ac_cv_func_ftruncate=yes
ac_cv_func_memcmp_working=no
ac_cv_func_memset=yes
ac_cv_func_mkdir=yes
ac_cv_func_pow=yes
ac_cv_func_strchr=yes
ac_cv_func_strerror=yes
ac_cv_func_strtod=no
ac_cv_func_strtol=yes
ac_cv_have_decl___SUNPRO_CC=no
ac_cv_header_dlfcn_h=no
ac_cv_header_fcntl_h=yes
ac_cv_header_inttypes_h=yes
ac_cv_header_limits_h=yes
ac_cv_header_minix_config_h=no
ac_cv_header_stdint_h=yes
ac_cv_header_stdio_h=yes
ac_cv_header_stdlib_h=yes
ac_cv_header_string_h=yes
ac_cv_header_strings_h=yes
ac_cv_header_sys_stat_h=yes
ac_cv_header_sys_types_h=yes
ac_cv_header_unistd_h=yes
ac_cv_header_wchar_h=yes
ac_cv_host=x86_64-pc-none
ac_cv_objext=o
ac_cv_path_EGREP='/usr/bin/grep -E'
ac_cv_path_FGREP='/usr/bin/grep -F'
ac_cv_path_GREP=/usr/bin/grep
ac_cv_path_SED=/usr/bin/sed
ac_cv_path_install='/usr/bin/install -c'
ac_cv_path_lt_DD=/usr/bin/dd
ac_cv_path_mkdir=/usr/bin/mkdir
ac_cv_prog_AR=x86_64-w64-mingw32-ar
ac_cv_prog_AWK=gawk
ac_cv_prog_CC=x86_64-w64-mingw32-gcc
ac_cv_prog_CPP='x86_64-w64-mingw32-gcc -E'
ac_cv_prog_CXXCPP='x86_64-w64-mingw32-c++ -E'
ac_cv_prog_DLLTOOL=x86_64-w64-mingw32-dlltool
ac_cv_prog_OBJDUMP=x86_64-w64-mingw32-objdump
ac_cv_prog_RANLIB=x86_64-w64-mingw32-ranlib
ac_cv_prog_STRIP=x86_64-w64-mingw32-strip
ac_cv_prog_ac_ct_CC_FOR_BUILD=gcc
ac_cv_prog_ac_ct_CXX_FOR_BUILD=g++
ac_cv_prog_ac_ct_FILECMD=file
ac_cv_prog_cc_c11=
ac_cv_prog_cc_g=yes
ac_cv_prog_cc_stdc=
ac_cv_prog_cxx_11=no
ac_cv_prog_cxx_cxx11=
ac_cv_prog_cxx_g=yes
ac_cv_prog_cxx_stdcxx=
ac_cv_prog_make_make_set=yes
ac_cv_safe_to_define___extensions__=yes
ac_cv_should_define__xopen_source=no
ac_cv_target=x86_64-pc-none
am_cv_CC_dependencies_compiler_type=gcc3
am_cv_CXX_dependencies_compiler_type=gcc3
am_cv_ar_interface=ar
am_cv_make_support_nested_variables=yes
am_cv_prog_cc_c_o=yes
am_cv_prog_tar_ustar=gnutar
ax_cv_PTHREAD_CLANG=no
ax_cv_PTHREAD_JOINABLE_ATTR=PTHREAD_CREATE_JOINABLE
ax_cv_PTHREAD_PRIO_INHERIT=yes
ax_cv_PTHREAD_SPECIAL_FLAGS=no
ax_cv_cxx_compile_cxx11=yes
lt_cv_ar_at_file=@
lt_cv_archive_cmds_need_lc=yes
lt_cv_deplibs_check_method=unknown
lt_cv_file_magic_cmd='$MAGIC_CMD'
lt_cv_file_magic_test_file=
lt_cv_ld_reload_flag=-r
lt_cv_nm_interface='BSD nm'
lt_cv_objdir=.libs
lt_cv_path_LD=x86_64-w64-mingw32-ld
lt_cv_path_LDCXX=x86_64-w64-mingw32-ld
lt_cv_path_NM=x86_64-w64-mingw32-nm
lt_cv_path_mainfest_tool=no
lt_cv_prog_compiler_c_o=yes
lt_cv_prog_compiler_c_o_CXX=yes
lt_cv_prog_compiler_pic='-fPIC -DPIC'
lt_cv_prog_compiler_pic_CXX='-fPIC -DPIC'
lt_cv_prog_compiler_pic_works=yes
lt_cv_prog_compiler_pic_works_CXX=yes
lt_cv_prog_compiler_rtti_exceptions=no
lt_cv_prog_compiler_static_works=yes
lt_cv_prog_compiler_static_works_CXX=yes
lt_cv_prog_gnu_ld=yes
lt_cv_prog_gnu_ldcxx=yes
lt_cv_sharedlib_from_linklib_cmd='printf %s\n'
lt_cv_sys_global_symbol_pipe='/usr/bin/sed -n -e '\''s/^.*[	 ]\([ABCDGIRSTW][ABCDGIRSTW]*\)[	 ][	 ]*\([_A-Za-z][_A-Za-z0-9]*\)$/\1 \2 \2/p'\'' | /usr/bin/sed '\''/ __gnu_lto/d'\'''
lt_cv_sys_global_symbol_to_c_name_address='/usr/bin/sed -n -e '\''s/^: \(.*\) .*$/  {"\1", (void *) 0},/p'\'' -e '\''s/^[ABCDGIRSTW][ABCDGIRSTW]* .* \(.*\)$/  {"\1", (void *) \&\1},/p'\'''
lt_cv_sys_global_symbol_to_c_name_address_lib_prefix='/usr/bin/sed -n -e '\''s/^: \(.*\) .*$/  {"\1", (void *) 0},/p'\'' -e '\''s/^[ABCDGIRSTW][ABCDGIRSTW]* .* \(lib.*\)$/  {"\1", (void *) \&\1},/p'\'' -e '\''s/^[ABCDGIRSTW][ABCDGIRSTW]* .* \(.*\)$/  {"lib\1", (void *) \&\1},/p'\'''
lt_cv_sys_global_symbol_to_cdecl='/usr/bin/sed -n -e '\''s/^T .* \(.*\)$/extern int \1();/p'\'' -e '\''s/^[ABCDGIRSTW][ABCDGIRSTW]* .* \(.*\)$/extern char \1;/p'\'''
lt_cv_sys_global_symbol_to_import=
lt_cv_sys_max_cmd_len=1572864
lt_cv_to_host_file_cmd=func_convert_file_noop
lt_cv_to_tool_file_cmd=func_convert_file_noop
lt_cv_truncate_bin='/usr/bin/dd bs=4096 count=1'

## ----------------- ##
## Output variables. ##
## ----------------- ##

ACLOCAL='${SHELL} '\''/home/lighthouse/work/cppworkspace/AResConvert/dep/protobuf-3.21.5/missing'\'' aclocal-1.16'
AMDEPBACKSLASH='\'
AMDEP_FALSE='#'
AMDEP_TRUE=''
AMTAR='$${TAR-tar}'
AM_BACKSLASH='\'
AM_DEFAULT_V='$(AM_DEFAULT_VERBOSITY)'
AM_DEFAULT_VERBOSITY='0'
AM_V='$(V)'
AR='x86_64-w64-mingw32-ar'
AUTOCONF='${SHELL} '\''/home/lighthouse/work/cppworkspace/AResConvert/dep/protobuf-3.21.5/missing'\'' autoconf'
AUTOHEADER='${SHELL} '\''/home/lighthouse/work/cppworkspace/AResConvert/dep/protobuf-3.21.5/missing'\'' autoheader'
AUTOMAKE='${SHELL} '\''/home/lighthouse/work/cppworkspace/AResConvert/dep/protobuf-3.21.5/missing'\'' automake-1.16'
AWK='gawk'
BUILD_EXEEXT=''
BUILD_OBJEXT=''
CC='x86_64-w64-mingw32-gcc'
CCDEPMODE='depmode=gcc3'
CC_FOR_BUILD='gcc'
CFLAGS=''
CFLAGS_FOR_BUILD='-g -O2'
CPP='x86_64-w64-mingw32-gcc -E'
CPPFLAGS=''
CPPFLAGS_FOR_BUILD=''
CPP_FOR_BUILD='gcc -E'
CSCOPE='cscope'
CTAGS='ctags'
CXX='x86_64-w64-mingw32-c++'
CXXCPP='x86_64-w64-mingw32-c++ -E'
CXXCPPFLAGS_FOR_BUILD=''
CXXCPP_FOR_BUILD='g++ -E'
CXXDEPMODE='depmode=gcc3'
CXXFLAGS=' -g -std=c++11 -DNDEBUG'
CXXFLAGS_FOR_BUILD='-g -O2'
CXX_FOR_BUILD='g++'
CYGPATH_W='echo'
DEFS='-DHAVE_CONFIG_H'
DEPDIR='.deps'
DIST_LANG='all'
DLLTOOL='x86_64-w64-mingw32-dlltool'
DSYMUTIL=''
DUMPBIN=''
ECHO_C=''
ECHO_N='-n'
ECHO_T=''
EGREP='/usr/bin/grep -E'
ETAGS='etags'
EXEEXT='.exe'
FGREP='/usr/bin/grep -F'
FILECMD='file'
GCC_FALSE='#'
GCC_TRUE=''
GREP='/usr/bin/grep'
HAVE_CXX11='1'
HAVE_LD_VERSION_SCRIPT_FALSE='#'
HAVE_LD_VERSION_SCRIPT_TRUE=''
HAVE_PTHREAD_FALSE='#'
HAVE_PTHREAD_TRUE=''
HAVE_ZLIB_FALSE=''
HAVE_ZLIB_TRUE='#'
INSTALL_DATA='${INSTALL} -m 644'
INSTALL_PROGRAM='${INSTALL}'
INSTALL_SCRIPT='${INSTALL}'
INSTALL_STRIP_PROGRAM='$(install_sh) -c -s'
ISAINFO=''
LD='x86_64-w64-mingw32-ld'
LDFLAGS=''
LDFLAGS_FOR_BUILD=''
LIBATOMIC_LIBS=''
LIBLOG_LIBS=''
LIBOBJS=' ${LIBOBJDIR}memcmp$U.o ${LIBOBJDIR}strtod$U.o'
LIBS=''
LIBTOOL='$(SHELL) $(top_builddir)/libtool'
LIPO=''
LN_S='ln -s'
LTLIBOBJS=' ${LIBOBJDIR}memcmp$U.lo ${LIBOBJDIR}strtod$U.lo'
LT_SYS_LIBRARY_PATH=''
MAINT=''
MAINTAINER_MODE_FALSE='#'
MAINTAINER_MODE_TRUE=''
MAKEINFO='${SHELL} '\''/home/lighthouse/work/cppworkspace/AResConvert/dep/protobuf-3.21.5/missing'\'' makeinfo'
MANIFEST_TOOL=':'
MKDIR_P='/usr/bin/mkdir -p'
NM='x86_64-w64-mingw32-nm'
NMEDIT=''
OBJC=''
OBJCDEPMODE=''
OBJCFLAGS=''
OBJC_CONFORMANCE_TEST_FALSE=''
OBJC_CONFORMANCE_TEST_TRUE='#'
OBJDUMP='x86_64-w64-mingw32-objdump'
OBJEXT='o'
OTOOL64=''
OTOOL=''
PACKAGE='protobuf'
PACKAGE_BUGREPORT='protobuf@googlegroups.com'
PACKAGE_NAME='Protocol Buffers'
PACKAGE_STRING='Protocol Buffers 3.21.5'
PACKAGE_TARNAME='protobuf'
PACKAGE_URL=''
PACKAGE_VERSION='3.21.5'
PATH_SEPARATOR=':'
POW_LIB=''
PROTOBUF_OPT_FLAG='-O2'
PROTOC=''
PTHREAD_CC='x86_64-w64-mingw32-gcc'
PTHREAD_CFLAGS='-pthread'
PTHREAD_LIBS='-lpthread'
RANLIB='x86_64-w64-mingw32-ranlib'
SED='/usr/bin/sed'
SET_MAKE=''
SHELL='/bin/sh'
STRIP='x86_64-w64-mingw32-strip'
USE_EXTERNAL_PROTOC_FALSE=''
USE_EXTERNAL_PROTOC_TRUE='#'
VERSION='3.21.5'
ac_ct_AR=''
ac_ct_CC=''
ac_ct_CC_FOR_BUILD='gcc'
ac_ct_CXX=''
ac_ct_CXX_FOR_BUILD='g++'
ac_ct_DUMPBIN=''
ac_ct_OBJC=''
am__EXEEXT_FALSE='#'
am__EXEEXT_TRUE=''
am__fastdepCC_FALSE='#'
am__fastdepCC_TRUE=''
am__fastdepCXX_FALSE='#'
am__fastdepCXX_TRUE=''
am__fastdepOBJC_FALSE=''
am__fastdepOBJC_TRUE='#'
am__include='include'
am__isrc=''
am__leading_dot='.'
am__nodep='_no'
am__quote=''
am__tar='tar --format=ustar -chf - "$$tardir"'
am__untar='tar -xf -'
ax_pthread_config=''
bindir='${exec_prefix}/bin'
build='x86_64-pc-linux-gnu'
build_alias=''
build_cpu='x86_64'
build_os='linux-gnu'
build_vendor='pc'
datadir='${datarootdir}'
datarootdir='${prefix}/share'
docdir='${datarootdir}/doc/${PACKAGE_TARNAME}'
dvidir='${docdir}'
exec_prefix='${prefix}'
host='x86_64-pc-none'
host_alias='x86_64'
host_cpu='x86_64'
host_os='none'
host_vendor='pc'
htmldir='${docdir}'
includedir='${prefix}/include'
infodir='${datarootdir}/info'
install_sh='${SHELL} /home/lighthouse/work/cppworkspace/AResConvert/dep/protobuf-3.21.5/install-sh'
libdir='${exec_prefix}/lib'
libexecdir='${exec_prefix}/libexec'
localedir='${datarootdir}/locale'
localstatedir='${prefix}/var'
mandir='${datarootdir}/man'
mkdir_p='$(MKDIR_P)'
oldincludedir='/usr/include'
pdfdir='${docdir}'
prefix='/usr/x86_64-w64-mingw32'
program_transform_name='s,x,x,'
psdir='${docdir}'
runstatedir='${localstatedir}/run'
sbindir='${exec_prefix}/sbin'
sharedstatedir='${prefix}/com'
subdirs=' third_party/googletest'
sysconfdir='${prefix}/etc'
target='x86_64-pc-none'
target_alias=''
target_cpu='x86_64'
target_os='none'
target_vendor='pc'

## ----------- ##
## confdefs.h. ##
## ----------- ##

/* confdefs.h */
#define PACKAGE_NAME "Protocol Buffers"
#define PACKAGE_TARNAME "protobuf"
#define PACKAGE_VERSION "3.21.5"
#define PACKAGE_STRING "Protocol Buffers 3.21.5"
#define PACKAGE_BUGREPORT "protobuf@googlegroups.com"
#define PACKAGE_URL ""
#define PACKAGE "protobuf"
#define VERSION "3.21.5"
#define HAVE_STDIO_H 1
#define HAVE_STDLIB_H 1
#define HAVE_STRING_H 1
#define HAVE_INTTYPES_H 1
#define HAVE_STDINT_H 1
#define HAVE_STRINGS_H 1
#define HAVE_SYS_STAT_H 1
#define HAVE_SYS_TYPES_H 1
#define HAVE_UNISTD_H 1
#define HAVE_WCHAR_H 1
#define STDC_HEADERS 1
#define _ALL_SOURCE 1
#define _DARWIN_C_SOURCE 1
#define _GNU_SOURCE 1
#define _HPUX_ALT_XOPEN_SOCKET_API 1
#define _NETBSD_SOURCE 1
#define _OPENBSD_SOURCE 1
#define _POSIX_PTHREAD_SEMANTICS 1
#define __STDC_WANT_IEC_60559_ATTRIBS_EXT__ 1
#define __STDC_WANT_IEC_60559_BFP_EXT__ 1
#define __STDC_WANT_IEC_60559_DFP_EXT__ 1
#define __STDC_WANT_IEC_60559_FUNCS_EXT__ 1
#define __STDC_WANT_IEC_60559_TYPES_EXT__ 1
#define __STDC_WANT_LIB_EXT2__ 1
#define __STDC_WANT_MATH_SPEC_FUNCS__ 1
#define _TANDEM_SOURCE 1
#define __EXTENSIONS__ 1
#define LT_OBJDIR ".libs/"
#define HAVE_FCNTL_H 1
#define HAVE_INTTYPES_H 1
#define HAVE_LIMITS_H 1
#define HAVE_STDLIB_H 1
#define HAVE_UNISTD_H 1
#define HAVE_FTRUNCATE 1
#define HAVE_MEMSET 1
#define HAVE_MKDIR 1
#define HAVE_STRCHR 1
#define HAVE_STRERROR 1
#define HAVE_STRTOL 1
#define HAVE_CXX11 1
#define HAVE_PTHREAD_PRIO_INHERIT 1
#define HAVE_PTHREAD 1
#define HAVE_HASH_MAP 1
#define HAVE_HASH_SET 1
#define HASH_MAP_H <unordered_map>
#define HASH_SET_H <unordered_set>
#define HASH_NAMESPACE std
#define HASH_MAP_CLASS unordered_map
#define HASH_SET_CLASS unordered_set

configure: exit 0
